  Server.cpp
D:\kpu\지난 학기\NGP\portfolio(non_anno)\MapleStory_Server\Server\Server.cpp(389,61): warning C4996: 'inet_ntoa': Use inet_ntop() or InetNtop() instead or define _WINSOCK_DEPRECATED_NO_WARNINGS to disable deprecated API warnings
D:\kpu\지난 학기\NGP\portfolio(non_anno)\MapleStory_Server\Server\Server.cpp(397,59): warning C4996: 'inet_ntoa': Use inet_ntop() or InetNtop() instead or define _WINSOCK_DEPRECATED_NO_WARNINGS to disable deprecated API warnings
D:\kpu\지난 학기\NGP\portfolio(non_anno)\MapleStory_Server\Server\Server.cpp(488,32): warning C4838: 'float'에서 'int'(으)로의 변환에는 축소 변환이 필요합니다.
D:\kpu\지난 학기\NGP\portfolio(non_anno)\MapleStory_Server\Server\Server.cpp(488,32): warning C4244: '초기화 중': 'float'에서 'int'(으)로 변환하면서 데이터가 손실될 수 있습니다.
D:\kpu\지난 학기\NGP\portfolio(non_anno)\MapleStory_Server\Server\Server.cpp(488,49): warning C4838: 'float'에서 'int'(으)로의 변환에는 축소 변환이 필요합니다.
D:\kpu\지난 학기\NGP\portfolio(non_anno)\MapleStory_Server\Server\Server.cpp(488,49): warning C4244: '초기화 중': 'float'에서 'int'(으)로 변환하면서 데이터가 손실될 수 있습니다.
D:\kpu\지난 학기\NGP\portfolio(non_anno)\MapleStory_Server\Server\Server.cpp(488,68): warning C4838: 'float'에서 'int'(으)로의 변환에는 축소 변환이 필요합니다.
D:\kpu\지난 학기\NGP\portfolio(non_anno)\MapleStory_Server\Server\Server.cpp(488,68): warning C4244: '초기화 중': 'float'에서 'int'(으)로 변환하면서 데이터가 손실될 수 있습니다.
D:\kpu\지난 학기\NGP\portfolio(non_anno)\MapleStory_Server\Server\Server.cpp(488,86): warning C4838: 'float'에서 'int'(으)로의 변환에는 축소 변환이 필요합니다.
D:\kpu\지난 학기\NGP\portfolio(non_anno)\MapleStory_Server\Server\Server.cpp(488,86): warning C4244: '초기화 중': 'float'에서 'int'(으)로 변환하면서 데이터가 손실될 수 있습니다.
D:\kpu\지난 학기\NGP\portfolio(non_anno)\MapleStory_Server\Server\Server.cpp(488,103): warning C4838: 'float'에서 'int'(으)로의 변환에는 축소 변환이 필요합니다.
D:\kpu\지난 학기\NGP\portfolio(non_anno)\MapleStory_Server\Server\Server.cpp(488,103): warning C4244: '초기화 중': 'float'에서 'int'(으)로 변환하면서 데이터가 손실될 수 있습니다.
D:\kpu\지난 학기\NGP\portfolio(non_anno)\MapleStory_Server\Server\Server.cpp(488,121): warning C4838: 'float'에서 'int'(으)로의 변환에는 축소 변환이 필요합니다.
D:\kpu\지난 학기\NGP\portfolio(non_anno)\MapleStory_Server\Server\Server.cpp(488,121): warning C4244: '초기화 중': 'float'에서 'int'(으)로 변환하면서 데이터가 손실될 수 있습니다.
D:\kpu\지난 학기\NGP\portfolio(non_anno)\MapleStory_Server\Server\Server.cpp(489,13): warning C4838: 'float'에서 'int'(으)로의 변환에는 축소 변환이 필요합니다.
D:\kpu\지난 학기\NGP\portfolio(non_anno)\MapleStory_Server\Server\Server.cpp(489,13): warning C4244: '초기화 중': 'float'에서 'int'(으)로 변환하면서 데이터가 손실될 수 있습니다.
D:\kpu\지난 학기\NGP\portfolio(non_anno)\MapleStory_Server\Server\Server.cpp(489,31): warning C4838: 'float'에서 'int'(으)로의 변환에는 축소 변환이 필요합니다.
D:\kpu\지난 학기\NGP\portfolio(non_anno)\MapleStory_Server\Server\Server.cpp(489,31): warning C4244: '초기화 중': 'float'에서 'int'(으)로 변환하면서 데이터가 손실될 수 있습니다.
D:\kpu\지난 학기\NGP\portfolio(non_anno)\MapleStory_Server\Server\Server.cpp(489,51): warning C4838: 'float'에서 'int'(으)로의 변환에는 축소 변환이 필요합니다.
D:\kpu\지난 학기\NGP\portfolio(non_anno)\MapleStory_Server\Server\Server.cpp(489,51): warning C4244: '초기화 중': 'float'에서 'int'(으)로 변환하면서 데이터가 손실될 수 있습니다.
D:\kpu\지난 학기\NGP\portfolio(non_anno)\MapleStory_Server\Server\Server.cpp(489,69): warning C4838: 'float'에서 'int'(으)로의 변환에는 축소 변환이 필요합니다.
D:\kpu\지난 학기\NGP\portfolio(non_anno)\MapleStory_Server\Server\Server.cpp(489,69): warning C4244: '초기화 중': 'float'에서 'int'(으)로 변환하면서 데이터가 손실될 수 있습니다.
D:\kpu\지난 학기\NGP\portfolio(non_anno)\MapleStory_Server\Server\Server.cpp(489,87): warning C4838: 'float'에서 'int'(으)로의 변환에는 축소 변환이 필요합니다.
D:\kpu\지난 학기\NGP\portfolio(non_anno)\MapleStory_Server\Server\Server.cpp(489,87): warning C4244: '초기화 중': 'float'에서 'int'(으)로 변환하면서 데이터가 손실될 수 있습니다.
D:\kpu\지난 학기\NGP\portfolio(non_anno)\MapleStory_Server\Server\Server.cpp(489,106): warning C4838: 'float'에서 'int'(으)로의 변환에는 축소 변환이 필요합니다.
D:\kpu\지난 학기\NGP\portfolio(non_anno)\MapleStory_Server\Server\Server.cpp(489,106): warning C4244: '초기화 중': 'float'에서 'int'(으)로 변환하면서 데이터가 손실될 수 있습니다.
D:\kpu\지난 학기\NGP\portfolio(non_anno)\MapleStory_Server\Server\Server.cpp(490,32): warning C4838: 'float'에서 'int'(으)로의 변환에는 축소 변환이 필요합니다.
D:\kpu\지난 학기\NGP\portfolio(non_anno)\MapleStory_Server\Server\Server.cpp(490,32): warning C4244: '초기화 중': 'float'에서 'int'(으)로 변환하면서 데이터가 손실될 수 있습니다.
D:\kpu\지난 학기\NGP\portfolio(non_anno)\MapleStory_Server\Server\Server.cpp(490,50): warning C4838: 'float'에서 'int'(으)로의 변환에는 축소 변환이 필요합니다.
D:\kpu\지난 학기\NGP\portfolio(non_anno)\MapleStory_Server\Server\Server.cpp(490,50): warning C4244: '초기화 중': 'float'에서 'int'(으)로 변환하면서 데이터가 손실될 수 있습니다.
D:\kpu\지난 학기\NGP\portfolio(non_anno)\MapleStory_Server\Server\Server.cpp(490,69): warning C4838: 'float'에서 'int'(으)로의 변환에는 축소 변환이 필요합니다.
D:\kpu\지난 학기\NGP\portfolio(non_anno)\MapleStory_Server\Server\Server.cpp(490,69): warning C4244: '초기화 중': 'float'에서 'int'(으)로 변환하면서 데이터가 손실될 수 있습니다.
D:\kpu\지난 학기\NGP\portfolio(non_anno)\MapleStory_Server\Server\Server.cpp(490,88): warning C4838: 'float'에서 'int'(으)로의 변환에는 축소 변환이 필요합니다.
D:\kpu\지난 학기\NGP\portfolio(non_anno)\MapleStory_Server\Server\Server.cpp(490,88): warning C4244: '초기화 중': 'float'에서 'int'(으)로 변환하면서 데이터가 손실될 수 있습니다.
D:\kpu\지난 학기\NGP\portfolio(non_anno)\MapleStory_Server\Server\Server.cpp(490,107): warning C4838: 'float'에서 'int'(으)로의 변환에는 축소 변환이 필요합니다.
D:\kpu\지난 학기\NGP\portfolio(non_anno)\MapleStory_Server\Server\Server.cpp(490,107): warning C4244: '초기화 중': 'float'에서 'int'(으)로 변환하면서 데이터가 손실될 수 있습니다.
D:\kpu\지난 학기\NGP\portfolio(non_anno)\MapleStory_Server\Server\Server.cpp(490,126): warning C4838: 'float'에서 'int'(으)로의 변환에는 축소 변환이 필요합니다.
D:\kpu\지난 학기\NGP\portfolio(non_anno)\MapleStory_Server\Server\Server.cpp(490,126): warning C4244: '초기화 중': 'float'에서 'int'(으)로 변환하면서 데이터가 손실될 수 있습니다.
D:\kpu\지난 학기\NGP\portfolio(non_anno)\MapleStory_Server\Server\Server.cpp(491,13): warning C4838: 'float'에서 'int'(으)로의 변환에는 축소 변환이 필요합니다.
D:\kpu\지난 학기\NGP\portfolio(non_anno)\MapleStory_Server\Server\Server.cpp(491,13): warning C4244: '초기화 중': 'float'에서 'int'(으)로 변환하면서 데이터가 손실될 수 있습니다.
D:\kpu\지난 학기\NGP\portfolio(non_anno)\MapleStory_Server\Server\Server.cpp(491,32): warning C4838: 'float'에서 'int'(으)로의 변환에는 축소 변환이 필요합니다.
D:\kpu\지난 학기\NGP\portfolio(non_anno)\MapleStory_Server\Server\Server.cpp(491,32): warning C4244: '초기화 중': 'float'에서 'int'(으)로 변환하면서 데이터가 손실될 수 있습니다.
D:\kpu\지난 학기\NGP\portfolio(non_anno)\MapleStory_Server\Server\Server.cpp(491,51): warning C4838: 'float'에서 'int'(으)로의 변환에는 축소 변환이 필요합니다.
D:\kpu\지난 학기\NGP\portfolio(non_anno)\MapleStory_Server\Server\Server.cpp(491,51): warning C4244: '초기화 중': 'float'에서 'int'(으)로 변환하면서 데이터가 손실될 수 있습니다.
D:\kpu\지난 학기\NGP\portfolio(non_anno)\MapleStory_Server\Server\Server.cpp(491,70): warning C4838: 'float'에서 'int'(으)로의 변환에는 축소 변환이 필요합니다.
D:\kpu\지난 학기\NGP\portfolio(non_anno)\MapleStory_Server\Server\Server.cpp(491,70): warning C4244: '초기화 중': 'float'에서 'int'(으)로 변환하면서 데이터가 손실될 수 있습니다.
D:\kpu\지난 학기\NGP\portfolio(non_anno)\MapleStory_Server\Server\Server.cpp(491,89): warning C4838: 'float'에서 'int'(으)로의 변환에는 축소 변환이 필요합니다.
D:\kpu\지난 학기\NGP\portfolio(non_anno)\MapleStory_Server\Server\Server.cpp(491,89): warning C4244: '초기화 중': 'float'에서 'int'(으)로 변환하면서 데이터가 손실될 수 있습니다.
D:\kpu\지난 학기\NGP\portfolio(non_anno)\MapleStory_Server\Server\Server.cpp(491,108): warning C4838: 'float'에서 'int'(으)로의 변환에는 축소 변환이 필요합니다.
D:\kpu\지난 학기\NGP\portfolio(non_anno)\MapleStory_Server\Server\Server.cpp(491,108): warning C4244: '초기화 중': 'float'에서 'int'(으)로 변환하면서 데이터가 손실될 수 있습니다.
D:\kpu\지난 학기\NGP\portfolio(non_anno)\MapleStory_Server\Server\Server.cpp(496,12): warning C4244: '인수': 'time_t'에서 'unsigned int'(으)로 변환하면서 데이터가 손실될 수 있습니다.
D:\kpu\지난 학기\NGP\portfolio(non_anno)\MapleStory_Server\Server\Server.cpp(505,33): warning C4244: '=': 'int'에서 'float'(으)로 변환하면서 데이터가 손실될 수 있습니다.
D:\kpu\지난 학기\NGP\portfolio(non_anno)\MapleStory_Server\Server\Server.cpp(506,33): warning C4244: '=': 'int'에서 'float'(으)로 변환하면서 데이터가 손실될 수 있습니다.
D:\kpu\지난 학기\NGP\portfolio(non_anno)\MapleStory_Server\Server\Server.cpp(609,53): warning C4996: 'inet_ntoa': Use inet_ntop() or InetNtop() instead or define _WINSOCK_DEPRECATED_NO_WARNINGS to disable deprecated API warnings
  Server.vcxproj -> D:\kpu\지난 학기\NGP\portfolio(non_anno)\MapleStory_Server\Debug\Server.exe
