  Server.cpp
D:\kpu\지난 학기\NGP\portfolio(non_anno)\MapleStory\Server\Server.cpp(387,61): warning C4996: 'inet_ntoa': Use inet_ntop() or InetNtop() instead or define _WINSOCK_DEPRECATED_NO_WARNINGS to disable deprecated API warnings
D:\kpu\지난 학기\NGP\portfolio(non_anno)\MapleStory\Server\Server.cpp(395,59): warning C4996: 'inet_ntoa': Use inet_ntop() or InetNtop() instead or define _WINSOCK_DEPRECATED_NO_WARNINGS to disable deprecated API warnings
D:\kpu\지난 학기\NGP\portfolio(non_anno)\MapleStory\Server\Server.cpp(486,32): warning C4838: 'float'에서 'int'(으)로의 변환에는 축소 변환이 필요합니다.
D:\kpu\지난 학기\NGP\portfolio(non_anno)\MapleStory\Server\Server.cpp(486,32): warning C4244: '초기화 중': 'float'에서 'int'(으)로 변환하면서 데이터가 손실될 수 있습니다.
D:\kpu\지난 학기\NGP\portfolio(non_anno)\MapleStory\Server\Server.cpp(486,49): warning C4838: 'float'에서 'int'(으)로의 변환에는 축소 변환이 필요합니다.
D:\kpu\지난 학기\NGP\portfolio(non_anno)\MapleStory\Server\Server.cpp(486,49): warning C4244: '초기화 중': 'float'에서 'int'(으)로 변환하면서 데이터가 손실될 수 있습니다.
D:\kpu\지난 학기\NGP\portfolio(non_anno)\MapleStory\Server\Server.cpp(486,68): warning C4838: 'float'에서 'int'(으)로의 변환에는 축소 변환이 필요합니다.
D:\kpu\지난 학기\NGP\portfolio(non_anno)\MapleStory\Server\Server.cpp(486,68): warning C4244: '초기화 중': 'float'에서 'int'(으)로 변환하면서 데이터가 손실될 수 있습니다.
D:\kpu\지난 학기\NGP\portfolio(non_anno)\MapleStory\Server\Server.cpp(486,86): warning C4838: 'float'에서 'int'(으)로의 변환에는 축소 변환이 필요합니다.
D:\kpu\지난 학기\NGP\portfolio(non_anno)\MapleStory\Server\Server.cpp(486,86): warning C4244: '초기화 중': 'float'에서 'int'(으)로 변환하면서 데이터가 손실될 수 있습니다.
D:\kpu\지난 학기\NGP\portfolio(non_anno)\MapleStory\Server\Server.cpp(486,103): warning C4838: 'float'에서 'int'(으)로의 변환에는 축소 변환이 필요합니다.
D:\kpu\지난 학기\NGP\portfolio(non_anno)\MapleStory\Server\Server.cpp(486,103): warning C4244: '초기화 중': 'float'에서 'int'(으)로 변환하면서 데이터가 손실될 수 있습니다.
D:\kpu\지난 학기\NGP\portfolio(non_anno)\MapleStory\Server\Server.cpp(486,121): warning C4838: 'float'에서 'int'(으)로의 변환에는 축소 변환이 필요합니다.
D:\kpu\지난 학기\NGP\portfolio(non_anno)\MapleStory\Server\Server.cpp(486,121): warning C4244: '초기화 중': 'float'에서 'int'(으)로 변환하면서 데이터가 손실될 수 있습니다.
D:\kpu\지난 학기\NGP\portfolio(non_anno)\MapleStory\Server\Server.cpp(487,13): warning C4838: 'float'에서 'int'(으)로의 변환에는 축소 변환이 필요합니다.
D:\kpu\지난 학기\NGP\portfolio(non_anno)\MapleStory\Server\Server.cpp(487,13): warning C4244: '초기화 중': 'float'에서 'int'(으)로 변환하면서 데이터가 손실될 수 있습니다.
D:\kpu\지난 학기\NGP\portfolio(non_anno)\MapleStory\Server\Server.cpp(487,31): warning C4838: 'float'에서 'int'(으)로의 변환에는 축소 변환이 필요합니다.
D:\kpu\지난 학기\NGP\portfolio(non_anno)\MapleStory\Server\Server.cpp(487,31): warning C4244: '초기화 중': 'float'에서 'int'(으)로 변환하면서 데이터가 손실될 수 있습니다.
D:\kpu\지난 학기\NGP\portfolio(non_anno)\MapleStory\Server\Server.cpp(487,51): warning C4838: 'float'에서 'int'(으)로의 변환에는 축소 변환이 필요합니다.
D:\kpu\지난 학기\NGP\portfolio(non_anno)\MapleStory\Server\Server.cpp(487,51): warning C4244: '초기화 중': 'float'에서 'int'(으)로 변환하면서 데이터가 손실될 수 있습니다.
D:\kpu\지난 학기\NGP\portfolio(non_anno)\MapleStory\Server\Server.cpp(487,69): warning C4838: 'float'에서 'int'(으)로의 변환에는 축소 변환이 필요합니다.
D:\kpu\지난 학기\NGP\portfolio(non_anno)\MapleStory\Server\Server.cpp(487,69): warning C4244: '초기화 중': 'float'에서 'int'(으)로 변환하면서 데이터가 손실될 수 있습니다.
D:\kpu\지난 학기\NGP\portfolio(non_anno)\MapleStory\Server\Server.cpp(487,87): warning C4838: 'float'에서 'int'(으)로의 변환에는 축소 변환이 필요합니다.
D:\kpu\지난 학기\NGP\portfolio(non_anno)\MapleStory\Server\Server.cpp(487,87): warning C4244: '초기화 중': 'float'에서 'int'(으)로 변환하면서 데이터가 손실될 수 있습니다.
D:\kpu\지난 학기\NGP\portfolio(non_anno)\MapleStory\Server\Server.cpp(487,106): warning C4838: 'float'에서 'int'(으)로의 변환에는 축소 변환이 필요합니다.
D:\kpu\지난 학기\NGP\portfolio(non_anno)\MapleStory\Server\Server.cpp(487,106): warning C4244: '초기화 중': 'float'에서 'int'(으)로 변환하면서 데이터가 손실될 수 있습니다.
D:\kpu\지난 학기\NGP\portfolio(non_anno)\MapleStory\Server\Server.cpp(488,32): warning C4838: 'float'에서 'int'(으)로의 변환에는 축소 변환이 필요합니다.
D:\kpu\지난 학기\NGP\portfolio(non_anno)\MapleStory\Server\Server.cpp(488,32): warning C4244: '초기화 중': 'float'에서 'int'(으)로 변환하면서 데이터가 손실될 수 있습니다.
D:\kpu\지난 학기\NGP\portfolio(non_anno)\MapleStory\Server\Server.cpp(488,50): warning C4838: 'float'에서 'int'(으)로의 변환에는 축소 변환이 필요합니다.
D:\kpu\지난 학기\NGP\portfolio(non_anno)\MapleStory\Server\Server.cpp(488,50): warning C4244: '초기화 중': 'float'에서 'int'(으)로 변환하면서 데이터가 손실될 수 있습니다.
D:\kpu\지난 학기\NGP\portfolio(non_anno)\MapleStory\Server\Server.cpp(488,69): warning C4838: 'float'에서 'int'(으)로의 변환에는 축소 변환이 필요합니다.
D:\kpu\지난 학기\NGP\portfolio(non_anno)\MapleStory\Server\Server.cpp(488,69): warning C4244: '초기화 중': 'float'에서 'int'(으)로 변환하면서 데이터가 손실될 수 있습니다.
D:\kpu\지난 학기\NGP\portfolio(non_anno)\MapleStory\Server\Server.cpp(488,88): warning C4838: 'float'에서 'int'(으)로의 변환에는 축소 변환이 필요합니다.
D:\kpu\지난 학기\NGP\portfolio(non_anno)\MapleStory\Server\Server.cpp(488,88): warning C4244: '초기화 중': 'float'에서 'int'(으)로 변환하면서 데이터가 손실될 수 있습니다.
D:\kpu\지난 학기\NGP\portfolio(non_anno)\MapleStory\Server\Server.cpp(488,107): warning C4838: 'float'에서 'int'(으)로의 변환에는 축소 변환이 필요합니다.
D:\kpu\지난 학기\NGP\portfolio(non_anno)\MapleStory\Server\Server.cpp(488,107): warning C4244: '초기화 중': 'float'에서 'int'(으)로 변환하면서 데이터가 손실될 수 있습니다.
D:\kpu\지난 학기\NGP\portfolio(non_anno)\MapleStory\Server\Server.cpp(488,126): warning C4838: 'float'에서 'int'(으)로의 변환에는 축소 변환이 필요합니다.
D:\kpu\지난 학기\NGP\portfolio(non_anno)\MapleStory\Server\Server.cpp(488,126): warning C4244: '초기화 중': 'float'에서 'int'(으)로 변환하면서 데이터가 손실될 수 있습니다.
D:\kpu\지난 학기\NGP\portfolio(non_anno)\MapleStory\Server\Server.cpp(489,13): warning C4838: 'float'에서 'int'(으)로의 변환에는 축소 변환이 필요합니다.
D:\kpu\지난 학기\NGP\portfolio(non_anno)\MapleStory\Server\Server.cpp(489,13): warning C4244: '초기화 중': 'float'에서 'int'(으)로 변환하면서 데이터가 손실될 수 있습니다.
D:\kpu\지난 학기\NGP\portfolio(non_anno)\MapleStory\Server\Server.cpp(489,32): warning C4838: 'float'에서 'int'(으)로의 변환에는 축소 변환이 필요합니다.
D:\kpu\지난 학기\NGP\portfolio(non_anno)\MapleStory\Server\Server.cpp(489,32): warning C4244: '초기화 중': 'float'에서 'int'(으)로 변환하면서 데이터가 손실될 수 있습니다.
D:\kpu\지난 학기\NGP\portfolio(non_anno)\MapleStory\Server\Server.cpp(489,51): warning C4838: 'float'에서 'int'(으)로의 변환에는 축소 변환이 필요합니다.
D:\kpu\지난 학기\NGP\portfolio(non_anno)\MapleStory\Server\Server.cpp(489,51): warning C4244: '초기화 중': 'float'에서 'int'(으)로 변환하면서 데이터가 손실될 수 있습니다.
D:\kpu\지난 학기\NGP\portfolio(non_anno)\MapleStory\Server\Server.cpp(489,70): warning C4838: 'float'에서 'int'(으)로의 변환에는 축소 변환이 필요합니다.
D:\kpu\지난 학기\NGP\portfolio(non_anno)\MapleStory\Server\Server.cpp(489,70): warning C4244: '초기화 중': 'float'에서 'int'(으)로 변환하면서 데이터가 손실될 수 있습니다.
D:\kpu\지난 학기\NGP\portfolio(non_anno)\MapleStory\Server\Server.cpp(489,89): warning C4838: 'float'에서 'int'(으)로의 변환에는 축소 변환이 필요합니다.
D:\kpu\지난 학기\NGP\portfolio(non_anno)\MapleStory\Server\Server.cpp(489,89): warning C4244: '초기화 중': 'float'에서 'int'(으)로 변환하면서 데이터가 손실될 수 있습니다.
D:\kpu\지난 학기\NGP\portfolio(non_anno)\MapleStory\Server\Server.cpp(489,108): warning C4838: 'float'에서 'int'(으)로의 변환에는 축소 변환이 필요합니다.
D:\kpu\지난 학기\NGP\portfolio(non_anno)\MapleStory\Server\Server.cpp(489,108): warning C4244: '초기화 중': 'float'에서 'int'(으)로 변환하면서 데이터가 손실될 수 있습니다.
D:\kpu\지난 학기\NGP\portfolio(non_anno)\MapleStory\Server\Server.cpp(494,12): warning C4244: '인수': 'time_t'에서 'unsigned int'(으)로 변환하면서 데이터가 손실될 수 있습니다.
D:\kpu\지난 학기\NGP\portfolio(non_anno)\MapleStory\Server\Server.cpp(503,33): warning C4244: '=': 'int'에서 'float'(으)로 변환하면서 데이터가 손실될 수 있습니다.
D:\kpu\지난 학기\NGP\portfolio(non_anno)\MapleStory\Server\Server.cpp(504,33): warning C4244: '=': 'int'에서 'float'(으)로 변환하면서 데이터가 손실될 수 있습니다.
D:\kpu\지난 학기\NGP\portfolio(non_anno)\MapleStory\Server\Server.cpp(612,53): warning C4996: 'inet_ntoa': Use inet_ntop() or InetNtop() instead or define _WINSOCK_DEPRECATED_NO_WARNINGS to disable deprecated API warnings
  Server.vcxproj -> D:\kpu\지난 학기\NGP\portfolio(non_anno)\MapleStory\Debug\Server.exe
